<?xml version="1.0" encoding="UTF-8"?>
<testng-results ignored="0" total="1" passed="1" failed="0" skipped="0">
  <reporter-output>
  </reporter-output>
  <suite started-at="2024-11-09T15:52:45 IST" name="Default suite" finished-at="2024-11-09T15:52:55 IST" duration-ms="10329">
    <groups>
    </groups>
    <test started-at="2024-11-09T15:52:45 IST" name="Default test" finished-at="2024-11-09T15:52:55 IST" duration-ms="10329">
      <class name="Tests.ProfileUpdateTestCases">
        <test-method is-config="true" signature="setUpConfig()[pri:0, instance:Tests.ProfileUpdateTestCases@313ac989]" started-at="2024-11-09T15:52:45 IST" name="setUpConfig" finished-at="2024-11-09T15:52:50 IST" duration-ms="4832" status="PASS">
          <reporter-output>
          </reporter-output>
        </test-method> <!-- setUpConfig -->
        <test-method signature="updateProfileTest1()[pri:1, instance:Tests.ProfileUpdateTestCases@313ac989]" started-at="2024-11-09T15:52:50 IST" name="updateProfileTest1" finished-at="2024-11-09T15:52:55 IST" duration-ms="5208" status="PASS">
          <reporter-output>
          </reporter-output>
        </test-method> <!-- updateProfileTest1 -->
        <test-method is-config="true" signature="tearDownConfig()[pri:0, instance:Tests.ProfileUpdateTestCases@313ac989]" started-at="2024-11-09T15:52:55 IST" name="tearDownConfig" finished-at="2024-11-09T15:52:55 IST" duration-ms="245" status="PASS">
          <reporter-output>
          </reporter-output>
        </test-method> <!-- tearDownConfig -->
      </class> <!-- Tests.ProfileUpdateTestCases -->
    </test> <!-- Default test -->
  </suite> <!-- Default suite -->
</testng-results>
