<?xml version="1.0" encoding="UTF-8"?>
<testng-results ignored="0" total="1" passed="1" failed="0" skipped="0">
  <reporter-output>
  </reporter-output>
  <suite started-at="2024-11-08T18:00:43 IST" name="Default suite" finished-at="2024-11-08T18:00:51 IST" duration-ms="7723">
    <groups>
    </groups>
    <test started-at="2024-11-08T18:00:43 IST" name="Default test" finished-at="2024-11-08T18:00:51 IST" duration-ms="7723">
      <class name="Tests.ProfileUpdateTestCases">
        <test-method is-config="true" signature="setUpConfig()[pri:0, instance:Tests.ProfileUpdateTestCases@6302bbb1]" started-at="2024-11-08T18:00:43 IST" name="setUpConfig" finished-at="2024-11-08T18:00:46 IST" duration-ms="3141" status="PASS">
          <reporter-output>
          </reporter-output>
        </test-method> <!-- setUpConfig -->
        <test-method signature="updateProfileTest1()[pri:1, instance:Tests.ProfileUpdateTestCases@6302bbb1]" started-at="2024-11-08T18:00:46 IST" name="updateProfileTest1" finished-at="2024-11-08T18:00:51 IST" duration-ms="4255" status="PASS">
          <reporter-output>
          </reporter-output>
        </test-method> <!-- updateProfileTest1 -->
        <test-method is-config="true" signature="tearDownConfig()[pri:0, instance:Tests.ProfileUpdateTestCases@6302bbb1]" started-at="2024-11-08T18:00:51 IST" name="tearDownConfig" finished-at="2024-11-08T18:00:51 IST" duration-ms="295" status="PASS">
          <reporter-output>
          </reporter-output>
        </test-method> <!-- tearDownConfig -->
      </class> <!-- Tests.ProfileUpdateTestCases -->
    </test> <!-- Default test -->
  </suite> <!-- Default suite -->
</testng-results>
