<?xml version="1.0" encoding="UTF-8"?>
<!-- Generated by org.testng.reporters.JUnitXMLReporter -->
<testsuite ignored="1" hostname="Asus" failures="0" tests="1" name="TestExecutionSuite" time="10.38" errors="0" timestamp="2024-11-09T16:10:40 IST">
  <testcase classname="Tests.ProfileUpdateTestCases" name="updateProfileTest1" time="5.439"/>
  <testcase classname="Tests.ProfileUpdateTestCases" name="updateProfileTest2" time="0.0">
    <ignored/>
  </testcase> <!-- updateProfileTest2 -->
</testsuite> <!-- TestExecutionSuite -->
